{"C:\\Users\\Lyla\\Desktop\\PROGRAMAÇÃO\\Boticário\\mimos_2.0\\backend\\index.js": {"path":"C:\\Users\\Lyla\\Desktop\\PROGRAMAÇÃO\\Boticário\\mimos_2.0\\backend\\index.js","statementMap":{"0":{"start":{"line":9,"column":19},"end":{"line":9,"column":28}},"1":{"start":{"line":10,"column":13},"end":{"line":10,"column":17}},"2":{"start":{"line":11,"column":0},"end":{"line":17,"column":2}},"3":{"start":{"line":20,"column":0},"end":{"line":20,"column":14}},"4":{"start":{"line":22,"column":19},"end":{"line":22,"column":49}},"5":{"start":{"line":23,"column":18},"end":{"line":23,"column":42}},"6":{"start":{"line":27,"column":21},"end":{"line":27,"column":56}},"7":{"start":{"line":29,"column":0},"end":{"line":29,"column":38}},"8":{"start":{"line":30,"column":0},"end":{"line":30,"column":30}},"9":{"start":{"line":32,"column":0},"end":{"line":32,"column":27}},"10":{"start":{"line":33,"column":0},"end":{"line":33,"column":51}},"11":{"start":{"line":35,"column":26},"end":{"line":35,"column":67}},"12":{"start":{"line":37,"column":0},"end":{"line":37,"column":21}},"13":{"start":{"line":39,"column":0},"end":{"line":46,"column":3}},"14":{"start":{"line":40,"column":2},"end":{"line":45,"column":5}},"15":{"start":{"line":48,"column":0},"end":{"line":52,"column":1}},"16":{"start":{"line":49,"column":2},"end":{"line":51,"column":5}},"17":{"start":{"line":50,"column":4},"end":{"line":50,"column":57}}},"fnMap":{"0":{"name":"(anonymous_0)","decl":{"start":{"line":39,"column":16},"end":{"line":39,"column":17}},"loc":{"start":{"line":39,"column":30},"end":{"line":46,"column":1}},"line":39},"1":{"name":"(anonymous_1)","decl":{"start":{"line":49,"column":19},"end":{"line":49,"column":20}},"loc":{"start":{"line":49,"column":25},"end":{"line":51,"column":3}},"line":49}},"branchMap":{"0":{"loc":{"start":{"line":42,"column":6},"end":{"line":44,"column":33}},"type":"cond-expr","locations":[{"start":{"line":43,"column":10},"end":{"line":43,"column":34}},{"start":{"line":44,"column":10},"end":{"line":44,"column":33}}],"line":42},"1":{"loc":{"start":{"line":48,"column":0},"end":{"line":52,"column":1}},"type":"if","locations":[{"start":{"line":48,"column":0},"end":{"line":52,"column":1}},{"start":{},"end":{}}],"line":48}},"s":{"0":4,"1":4,"2":4,"3":4,"4":4,"5":4,"6":4,"7":4,"8":4,"9":4,"10":4,"11":4,"12":4,"13":4,"14":0,"15":4,"16":0,"17":0},"f":{"0":0,"1":0},"b":{"0":[0,0],"1":[0,4]},"_coverageSchema":"1a1c01bbd47fc00a2c39e90264f33305004495a9","hash":"5b1a200cc85315bd28ba65bdcc6e14ad5e7e85e4"}
,"C:\\Users\\Lyla\\Desktop\\PROGRAMAÇÃO\\Boticário\\mimos_2.0\\backend\\controllers\\FavoritosController.js": {"path":"C:\\Users\\Lyla\\Desktop\\PROGRAMAÇÃO\\Boticário\\mimos_2.0\\backend\\controllers\\FavoritosController.js","statementMap":{"0":{"start":{"line":5,"column":23},"end":{"line":27,"column":1}},"1":{"start":{"line":6,"column":20},"end":{"line":6,"column":33}},"2":{"start":{"line":7,"column":20},"end":{"line":7,"column":30}},"3":{"start":{"line":9,"column":2},"end":{"line":26,"column":3}},"4":{"start":{"line":10,"column":20},"end":{"line":10,"column":53}},"5":{"start":{"line":12,"column":36},"end":{"line":14,"column":5}},"6":{"start":{"line":13,"column":29},"end":{"line":13,"column":63}},"7":{"start":{"line":15,"column":4},"end":{"line":23,"column":5}},"8":{"start":{"line":16,"column":6},"end":{"line":16,"column":42}},"9":{"start":{"line":17,"column":6},"end":{"line":17,"column":58}},"10":{"start":{"line":18,"column":6},"end":{"line":18,"column":75}},"11":{"start":{"line":20,"column":6},"end":{"line":20,"column":40}},"12":{"start":{"line":21,"column":6},"end":{"line":21,"column":58}},"13":{"start":{"line":22,"column":6},"end":{"line":22,"column":77}},"14":{"start":{"line":25,"column":4},"end":{"line":25,"column":58}},"15":{"start":{"line":29,"column":21},"end":{"line":48,"column":1}},"16":{"start":{"line":30,"column":20},"end":{"line":30,"column":30}},"17":{"start":{"line":31,"column":2},"end":{"line":47,"column":3}},"18":{"start":{"line":32,"column":20},"end":{"line":32,"column":53}},"19":{"start":{"line":33,"column":20},"end":{"line":33,"column":22}},"20":{"start":{"line":34,"column":21},"end":{"line":39,"column":5}},"21":{"start":{"line":36,"column":24},"end":{"line":36,"column":68}},"22":{"start":{"line":37,"column":8},"end":{"line":37,"column":23}},"23":{"start":{"line":40,"column":4},"end":{"line":40,"column":32}},"24":{"start":{"line":41,"column":4},"end":{"line":41,"column":27}},"25":{"start":{"line":42,"column":4},"end":{"line":44,"column":70}},"26":{"start":{"line":46,"column":4},"end":{"line":46,"column":58}},"27":{"start":{"line":50,"column":28},"end":{"line":53,"column":1}}},"fnMap":{"0":{"name":"(anonymous_0)","decl":{"start":{"line":5,"column":23},"end":{"line":5,"column":24}},"loc":{"start":{"line":5,"column":43},"end":{"line":27,"column":1}},"line":5},"1":{"name":"(anonymous_1)","decl":{"start":{"line":13,"column":6},"end":{"line":13,"column":7}},"loc":{"start":{"line":13,"column":29},"end":{"line":13,"column":63}},"line":13},"2":{"name":"(anonymous_2)","decl":{"start":{"line":29,"column":21},"end":{"line":29,"column":22}},"loc":{"start":{"line":29,"column":41},"end":{"line":48,"column":1}},"line":29},"3":{"name":"(anonymous_3)","decl":{"start":{"line":35,"column":28},"end":{"line":35,"column":29}},"loc":{"start":{"line":35,"column":49},"end":{"line":38,"column":7}},"line":35}},"branchMap":{"0":{"loc":{"start":{"line":15,"column":4},"end":{"line":23,"column":5}},"type":"if","locations":[{"start":{"line":15,"column":4},"end":{"line":23,"column":5}},{"start":{"line":19,"column":11},"end":{"line":23,"column":5}}],"line":15}},"s":{"0":4,"1":0,"2":0,"3":0,"4":0,"5":0,"6":0,"7":0,"8":0,"9":0,"10":0,"11":0,"12":0,"13":0,"14":0,"15":4,"16":0,"17":0,"18":0,"19":0,"20":0,"21":0,"22":0,"23":0,"24":0,"25":0,"26":0,"27":4},"f":{"0":0,"1":0,"2":0,"3":0},"b":{"0":[0,0]},"_coverageSchema":"1a1c01bbd47fc00a2c39e90264f33305004495a9","hash":"9433101ea7a2c61d90b02c394935f961e5e8ea63"}
,"C:\\Users\\Lyla\\Desktop\\PROGRAMAÇÃO\\Boticário\\mimos_2.0\\backend\\controllers\\PagesController.js": {"path":"C:\\Users\\Lyla\\Desktop\\PROGRAMAÇÃO\\Boticário\\mimos_2.0\\backend\\controllers\\PagesController.js","statementMap":{"0":{"start":{"line":7,"column":19},"end":{"line":7,"column":49}},"1":{"start":{"line":8,"column":18},"end":{"line":8,"column":42}},"2":{"start":{"line":10,"column":26},"end":{"line":10,"column":70}},"3":{"start":{"line":13,"column":4},"end":{"line":13,"column":68}},"4":{"start":{"line":17,"column":4},"end":{"line":17,"column":68}},"5":{"start":{"line":21,"column":4},"end":{"line":21,"column":71}},"6":{"start":{"line":25,"column":4},"end":{"line":25,"column":69}},"7":{"start":{"line":28,"column":4},"end":{"line":28,"column":72}},"8":{"start":{"line":32,"column":24},"end":{"line":32,"column":101}}},"fnMap":{"0":{"name":"getHomePage","decl":{"start":{"line":12,"column":9},"end":{"line":12,"column":20}},"loc":{"start":{"line":12,"column":31},"end":{"line":14,"column":1}},"line":12},"1":{"name":"getLoginPage","decl":{"start":{"line":16,"column":9},"end":{"line":16,"column":21}},"loc":{"start":{"line":16,"column":31},"end":{"line":18,"column":1}},"line":16},"2":{"name":"getCadastroPage","decl":{"start":{"line":20,"column":9},"end":{"line":20,"column":24}},"loc":{"start":{"line":20,"column":34},"end":{"line":22,"column":1}},"line":20},"3":{"name":"getSacolaPage","decl":{"start":{"line":24,"column":9},"end":{"line":24,"column":22}},"loc":{"start":{"line":24,"column":38},"end":{"line":26,"column":1}},"line":24},"4":{"name":"getFavoritosPage","decl":{"start":{"line":27,"column":9},"end":{"line":27,"column":25}},"loc":{"start":{"line":27,"column":41},"end":{"line":29,"column":1}},"line":27}},"branchMap":{},"s":{"0":4,"1":4,"2":4,"3":0,"4":0,"5":0,"6":0,"7":0,"8":4},"f":{"0":0,"1":0,"2":0,"3":0,"4":0},"b":{},"_coverageSchema":"1a1c01bbd47fc00a2c39e90264f33305004495a9","hash":"03e1c380c326e4d1e8847a5686bdc279d65799a2"}
,"C:\\Users\\Lyla\\Desktop\\PROGRAMAÇÃO\\Boticário\\mimos_2.0\\backend\\controllers\\ProdutoController.js": {"path":"C:\\Users\\Lyla\\Desktop\\PROGRAMAÇÃO\\Boticário\\mimos_2.0\\backend\\controllers\\ProdutoController.js","statementMap":{"0":{"start":{"line":4,"column":29},"end":{"line":12,"column":3}},"1":{"start":{"line":14,"column":23},"end":{"line":21,"column":1}},"2":{"start":{"line":15,"column":2},"end":{"line":20,"column":3}},"3":{"start":{"line":16,"column":28},"end":{"line":16,"column":48}},"4":{"start":{"line":17,"column":4},"end":{"line":17,"column":49}},"5":{"start":{"line":19,"column":4},"end":{"line":19,"column":51}},"6":{"start":{"line":23,"column":23},"end":{"line":40,"column":1}},"7":{"start":{"line":24,"column":20},"end":{"line":24,"column":40}},"8":{"start":{"line":25,"column":26},"end":{"line":25,"column":66}},"9":{"start":{"line":26,"column":2},"end":{"line":28,"column":3}},"10":{"start":{"line":27,"column":4},"end":{"line":27,"column":61}},"11":{"start":{"line":30,"column":2},"end":{"line":39,"column":3}},"12":{"start":{"line":31,"column":31},"end":{"line":31,"column":64}},"13":{"start":{"line":32,"column":4},"end":{"line":34,"column":5}},"14":{"start":{"line":33,"column":8},"end":{"line":33,"column":55}},"15":{"start":{"line":36,"column":4},"end":{"line":36,"column":52}},"16":{"start":{"line":38,"column":4},"end":{"line":38,"column":51}},"17":{"start":{"line":42,"column":23},"end":{"line":59,"column":1}},"18":{"start":{"line":43,"column":20},"end":{"line":43,"column":33}},"19":{"start":{"line":45,"column":2},"end":{"line":47,"column":3}},"20":{"start":{"line":46,"column":4},"end":{"line":46,"column":58}},"21":{"start":{"line":49,"column":2},"end":{"line":58,"column":3}},"22":{"start":{"line":50,"column":20},"end":{"line":50,"column":53}},"23":{"start":{"line":52,"column":4},"end":{"line":54,"column":5}},"24":{"start":{"line":53,"column":6},"end":{"line":53,"column":67}},"25":{"start":{"line":55,"column":4},"end":{"line":55,"column":41}},"26":{"start":{"line":57,"column":4},"end":{"line":57,"column":51}},"27":{"start":{"line":61,"column":26},"end":{"line":61,"column":76}}},"fnMap":{"0":{"name":"(anonymous_0)","decl":{"start":{"line":14,"column":23},"end":{"line":14,"column":24}},"loc":{"start":{"line":14,"column":43},"end":{"line":21,"column":1}},"line":14},"1":{"name":"(anonymous_1)","decl":{"start":{"line":23,"column":23},"end":{"line":23,"column":24}},"loc":{"start":{"line":23,"column":43},"end":{"line":40,"column":1}},"line":23},"2":{"name":"(anonymous_2)","decl":{"start":{"line":42,"column":23},"end":{"line":42,"column":24}},"loc":{"start":{"line":42,"column":43},"end":{"line":59,"column":1}},"line":42}},"branchMap":{"0":{"loc":{"start":{"line":26,"column":2},"end":{"line":28,"column":3}},"type":"if","locations":[{"start":{"line":26,"column":2},"end":{"line":28,"column":3}},{"start":{},"end":{}}],"line":26},"1":{"loc":{"start":{"line":32,"column":4},"end":{"line":34,"column":5}},"type":"if","locations":[{"start":{"line":32,"column":4},"end":{"line":34,"column":5}},{"start":{},"end":{}}],"line":32},"2":{"loc":{"start":{"line":45,"column":2},"end":{"line":47,"column":3}},"type":"if","locations":[{"start":{"line":45,"column":2},"end":{"line":47,"column":3}},{"start":{},"end":{}}],"line":45},"3":{"loc":{"start":{"line":52,"column":4},"end":{"line":54,"column":5}},"type":"if","locations":[{"start":{"line":52,"column":4},"end":{"line":54,"column":5}},{"start":{},"end":{}}],"line":52}},"s":{"0":4,"1":4,"2":1,"3":1,"4":1,"5":0,"6":4,"7":8,"8":8,"9":8,"10":1,"11":7,"12":7,"13":7,"14":1,"15":6,"16":0,"17":4,"18":3,"19":3,"20":1,"21":2,"22":2,"23":2,"24":1,"25":1,"26":0,"27":4},"f":{"0":1,"1":8,"2":3},"b":{"0":[1,7],"1":[1,6],"2":[1,2],"3":[1,1]},"_coverageSchema":"1a1c01bbd47fc00a2c39e90264f33305004495a9","hash":"3945c433895b6530ba4a9b379c732e4f0d8feada"}
,"C:\\Users\\Lyla\\Desktop\\PROGRAMAÇÃO\\Boticário\\mimos_2.0\\backend\\controllers\\SacolaController.js": {"path":"C:\\Users\\Lyla\\Desktop\\PROGRAMAÇÃO\\Boticário\\mimos_2.0\\backend\\controllers\\SacolaController.js","statementMap":{"0":{"start":{"line":4,"column":19},"end":{"line":36,"column":1}},"1":{"start":{"line":5,"column":2},"end":{"line":35,"column":3}},"2":{"start":{"line":6,"column":22},"end":{"line":6,"column":35}},"3":{"start":{"line":7,"column":19},"end":{"line":7,"column":29}},"4":{"start":{"line":8,"column":20},"end":{"line":8,"column":53}},"5":{"start":{"line":9,"column":20},"end":{"line":9,"column":50}},"6":{"start":{"line":11,"column":4},"end":{"line":13,"column":5}},"7":{"start":{"line":12,"column":6},"end":{"line":12,"column":73}},"8":{"start":{"line":15,"column":4},"end":{"line":17,"column":5}},"9":{"start":{"line":16,"column":6},"end":{"line":16,"column":73}},"10":{"start":{"line":19,"column":36},"end":{"line":22,"column":6}},"11":{"start":{"line":20,"column":6},"end":{"line":20,"column":54}},"12":{"start":{"line":21,"column":6},"end":{"line":21,"column":50}},"13":{"start":{"line":24,"column":4},"end":{"line":30,"column":5}},"14":{"start":{"line":25,"column":6},"end":{"line":25,"column":46}},"15":{"start":{"line":26,"column":6},"end":{"line":26,"column":55}},"16":{"start":{"line":28,"column":6},"end":{"line":28,"column":69}},"17":{"start":{"line":29,"column":6},"end":{"line":29,"column":55}},"18":{"start":{"line":32,"column":4},"end":{"line":32,"column":70}},"19":{"start":{"line":34,"column":4},"end":{"line":34,"column":58}},"20":{"start":{"line":38,"column":26},"end":{"line":61,"column":1}},"21":{"start":{"line":39,"column":2},"end":{"line":60,"column":3}},"22":{"start":{"line":40,"column":19},"end":{"line":40,"column":29}},"23":{"start":{"line":43,"column":20},"end":{"line":46,"column":6}},"24":{"start":{"line":48,"column":4},"end":{"line":50,"column":5}},"25":{"start":{"line":49,"column":6},"end":{"line":49,"column":67}},"26":{"start":{"line":52,"column":4},"end":{"line":57,"column":9}},"27":{"start":{"line":59,"column":4},"end":{"line":59,"column":32}},"28":{"start":{"line":63,"column":22},"end":{"line":93,"column":1}},"29":{"start":{"line":64,"column":20},"end":{"line":64,"column":33}},"30":{"start":{"line":65,"column":17},"end":{"line":65,"column":27}},"31":{"start":{"line":67,"column":2},"end":{"line":92,"column":3}},"32":{"start":{"line":68,"column":20},"end":{"line":71,"column":6}},"33":{"start":{"line":73,"column":21},"end":{"line":73,"column":37}},"34":{"start":{"line":75,"column":4},"end":{"line":82,"column":5}},"35":{"start":{"line":76,"column":35},"end":{"line":76,"column":78}},"36":{"start":{"line":79,"column":6},"end":{"line":81,"column":64}},"37":{"start":{"line":84,"column":31},"end":{"line":86,"column":5}},"38":{"start":{"line":85,"column":19},"end":{"line":85,"column":63}},"39":{"start":{"line":87,"column":4},"end":{"line":87,"column":42}},"40":{"start":{"line":88,"column":4},"end":{"line":88,"column":53}},"41":{"start":{"line":89,"column":4},"end":{"line":89,"column":59}},"42":{"start":{"line":91,"column":4},"end":{"line":91,"column":32}},"43":{"start":{"line":95,"column":21},"end":{"line":127,"column":1}},"44":{"start":{"line":96,"column":20},"end":{"line":96,"column":33}},"45":{"start":{"line":97,"column":17},"end":{"line":97,"column":27}},"46":{"start":{"line":99,"column":32},"end":{"line":99,"column":40}},"47":{"start":{"line":101,"column":2},"end":{"line":126,"column":3}},"48":{"start":{"line":102,"column":20},"end":{"line":105,"column":6}},"49":{"start":{"line":107,"column":30},"end":{"line":110,"column":6}},"50":{"start":{"line":108,"column":6},"end":{"line":108,"column":54}},"51":{"start":{"line":109,"column":6},"end":{"line":109,"column":54}},"52":{"start":{"line":112,"column":4},"end":{"line":123,"column":5}},"53":{"start":{"line":113,"column":6},"end":{"line":113,"column":67}},"54":{"start":{"line":115,"column":6},"end":{"line":115,"column":55}},"55":{"start":{"line":116,"column":6},"end":{"line":116,"column":55}},"56":{"start":{"line":117,"column":6},"end":{"line":122,"column":11}},"57":{"start":{"line":125,"column":4},"end":{"line":125,"column":32}},"58":{"start":{"line":129,"column":25},"end":{"line":134,"column":1}}},"fnMap":{"0":{"name":"(anonymous_0)","decl":{"start":{"line":4,"column":19},"end":{"line":4,"column":20}},"loc":{"start":{"line":4,"column":39},"end":{"line":36,"column":1}},"line":4},"1":{"name":"(anonymous_1)","decl":{"start":{"line":19,"column":58},"end":{"line":19,"column":59}},"loc":{"start":{"line":19,"column":68},"end":{"line":22,"column":5}},"line":19},"2":{"name":"(anonymous_2)","decl":{"start":{"line":38,"column":26},"end":{"line":38,"column":27}},"loc":{"start":{"line":38,"column":46},"end":{"line":61,"column":1}},"line":38},"3":{"name":"(anonymous_3)","decl":{"start":{"line":63,"column":22},"end":{"line":63,"column":23}},"loc":{"start":{"line":63,"column":42},"end":{"line":93,"column":1}},"line":63},"4":{"name":"(anonymous_4)","decl":{"start":{"line":76,"column":22},"end":{"line":76,"column":23}},"loc":{"start":{"line":76,"column":35},"end":{"line":76,"column":78}},"line":76},"5":{"name":"(anonymous_5)","decl":{"start":{"line":85,"column":6},"end":{"line":85,"column":7}},"loc":{"start":{"line":85,"column":19},"end":{"line":85,"column":63}},"line":85},"6":{"name":"(anonymous_6)","decl":{"start":{"line":95,"column":21},"end":{"line":95,"column":22}},"loc":{"start":{"line":95,"column":41},"end":{"line":127,"column":1}},"line":95},"7":{"name":"(anonymous_7)","decl":{"start":{"line":107,"column":52},"end":{"line":107,"column":53}},"loc":{"start":{"line":107,"column":62},"end":{"line":110,"column":5}},"line":107}},"branchMap":{"0":{"loc":{"start":{"line":11,"column":4},"end":{"line":13,"column":5}},"type":"if","locations":[{"start":{"line":11,"column":4},"end":{"line":13,"column":5}},{"start":{},"end":{}}],"line":11},"1":{"loc":{"start":{"line":15,"column":4},"end":{"line":17,"column":5}},"type":"if","locations":[{"start":{"line":15,"column":4},"end":{"line":17,"column":5}},{"start":{},"end":{}}],"line":15},"2":{"loc":{"start":{"line":24,"column":4},"end":{"line":30,"column":5}},"type":"if","locations":[{"start":{"line":24,"column":4},"end":{"line":30,"column":5}},{"start":{"line":27,"column":11},"end":{"line":30,"column":5}}],"line":24},"3":{"loc":{"start":{"line":48,"column":4},"end":{"line":50,"column":5}},"type":"if","locations":[{"start":{"line":48,"column":4},"end":{"line":50,"column":5}},{"start":{},"end":{}}],"line":48},"4":{"loc":{"start":{"line":75,"column":4},"end":{"line":82,"column":5}},"type":"if","locations":[{"start":{"line":75,"column":4},"end":{"line":82,"column":5}},{"start":{},"end":{}}],"line":75},"5":{"loc":{"start":{"line":112,"column":4},"end":{"line":123,"column":5}},"type":"if","locations":[{"start":{"line":112,"column":4},"end":{"line":123,"column":5}},{"start":{"line":114,"column":11},"end":{"line":123,"column":5}}],"line":112}},"s":{"0":4,"1":2,"2":2,"3":2,"4":2,"5":2,"6":2,"7":1,"8":1,"9":0,"10":1,"11":0,"12":0,"13":1,"14":0,"15":0,"16":1,"17":1,"18":1,"19":0,"20":4,"21":1,"22":1,"23":1,"24":1,"25":0,"26":1,"27":0,"28":4,"29":2,"30":2,"31":2,"32":2,"33":2,"34":2,"35":1,"36":1,"37":1,"38":1,"39":1,"40":1,"41":1,"42":0,"43":4,"44":0,"45":0,"46":0,"47":0,"48":0,"49":0,"50":0,"51":0,"52":0,"53":0,"54":0,"55":0,"56":0,"57":0,"58":4},"f":{"0":2,"1":0,"2":1,"3":2,"4":1,"5":1,"6":0,"7":0},"b":{"0":[1,1],"1":[0,1],"2":[0,1],"3":[0,1],"4":[1,1],"5":[0,0]},"_coverageSchema":"1a1c01bbd47fc00a2c39e90264f33305004495a9","hash":"03a4199ef5df0182bc7dcf1f2b6293678a01170a"}
,"C:\\Users\\Lyla\\Desktop\\PROGRAMAÇÃO\\Boticário\\mimos_2.0\\backend\\controllers\\UsuarioController.js": {"path":"C:\\Users\\Lyla\\Desktop\\PROGRAMAÇÃO\\Boticário\\mimos_2.0\\backend\\controllers\\UsuarioController.js","statementMap":{"0":{"start":{"line":5,"column":24},"end":{"line":30,"column":1}},"1":{"start":{"line":6,"column":2},"end":{"line":29,"column":3}},"2":{"start":{"line":7,"column":70},"end":{"line":7,"column":78}},"3":{"start":{"line":8,"column":4},"end":{"line":8,"column":26}},"4":{"start":{"line":9,"column":4},"end":{"line":9,"column":35}},"5":{"start":{"line":11,"column":26},"end":{"line":11,"column":65}},"6":{"start":{"line":12,"column":4},"end":{"line":14,"column":5}},"7":{"start":{"line":13,"column":6},"end":{"line":13,"column":72}},"8":{"start":{"line":16,"column":16},"end":{"line":16,"column":40}},"9":{"start":{"line":17,"column":22},"end":{"line":17,"column":51}},"10":{"start":{"line":18,"column":20},"end":{"line":24,"column":6}},"11":{"start":{"line":25,"column":4},"end":{"line":25,"column":78}},"12":{"start":{"line":27,"column":4},"end":{"line":27,"column":23}},"13":{"start":{"line":28,"column":4},"end":{"line":28,"column":32}},"14":{"start":{"line":32,"column":21},"end":{"line":64,"column":1}},"15":{"start":{"line":33,"column":39},"end":{"line":33,"column":47}},"16":{"start":{"line":34,"column":18},"end":{"line":34,"column":63}},"17":{"start":{"line":36,"column":2},"end":{"line":38,"column":3}},"18":{"start":{"line":37,"column":4},"end":{"line":37,"column":71}},"19":{"start":{"line":40,"column":22},"end":{"line":40,"column":70}},"20":{"start":{"line":41,"column":2},"end":{"line":41,"column":29}},"21":{"start":{"line":42,"column":2},"end":{"line":44,"column":3}},"22":{"start":{"line":43,"column":4},"end":{"line":43,"column":65}},"23":{"start":{"line":46,"column":2},"end":{"line":63,"column":3}},"24":{"start":{"line":47,"column":20},"end":{"line":47,"column":38}},"25":{"start":{"line":48,"column":18},"end":{"line":53,"column":5}},"26":{"start":{"line":55,"column":40},"end":{"line":55,"column":58}},"27":{"start":{"line":57,"column":4},"end":{"line":59,"column":87}},"28":{"start":{"line":61,"column":4},"end":{"line":61,"column":23}},"29":{"start":{"line":62,"column":4},"end":{"line":62,"column":32}},"30":{"start":{"line":96,"column":27},"end":{"line":104,"column":1}},"31":{"start":{"line":97,"column":20},"end":{"line":97,"column":30}},"32":{"start":{"line":98,"column":2},"end":{"line":103,"column":3}},"33":{"start":{"line":99,"column":4},"end":{"line":99,"column":47}},"34":{"start":{"line":100,"column":4},"end":{"line":100,"column":66}},"35":{"start":{"line":102,"column":4},"end":{"line":102,"column":51}},"36":{"start":{"line":106,"column":26},"end":{"line":112,"column":1}}},"fnMap":{"0":{"name":"(anonymous_0)","decl":{"start":{"line":5,"column":24},"end":{"line":5,"column":25}},"loc":{"start":{"line":5,"column":44},"end":{"line":30,"column":1}},"line":5},"1":{"name":"(anonymous_1)","decl":{"start":{"line":32,"column":21},"end":{"line":32,"column":22}},"loc":{"start":{"line":32,"column":41},"end":{"line":64,"column":1}},"line":32},"2":{"name":"(anonymous_2)","decl":{"start":{"line":96,"column":27},"end":{"line":96,"column":28}},"loc":{"start":{"line":96,"column":47},"end":{"line":104,"column":1}},"line":96}},"branchMap":{"0":{"loc":{"start":{"line":12,"column":4},"end":{"line":14,"column":5}},"type":"if","locations":[{"start":{"line":12,"column":4},"end":{"line":14,"column":5}},{"start":{},"end":{}}],"line":12},"1":{"loc":{"start":{"line":36,"column":2},"end":{"line":38,"column":3}},"type":"if","locations":[{"start":{"line":36,"column":2},"end":{"line":38,"column":3}},{"start":{},"end":{}}],"line":36},"2":{"loc":{"start":{"line":42,"column":2},"end":{"line":44,"column":3}},"type":"if","locations":[{"start":{"line":42,"column":2},"end":{"line":44,"column":3}},{"start":{},"end":{}}],"line":42}},"s":{"0":4,"1":3,"2":3,"3":3,"4":3,"5":3,"6":3,"7":1,"8":2,"9":2,"10":2,"11":2,"12":0,"13":0,"14":4,"15":4,"16":4,"17":4,"18":1,"19":3,"20":3,"21":3,"22":1,"23":2,"24":2,"25":2,"26":2,"27":2,"28":0,"29":0,"30":4,"31":2,"32":2,"33":2,"34":2,"35":0,"36":4},"f":{"0":3,"1":4,"2":2},"b":{"0":[1,2],"1":[1,3],"2":[1,2]},"_coverageSchema":"1a1c01bbd47fc00a2c39e90264f33305004495a9","hash":"9412d09dc1eef88b50c13a6f98312bca59a139cc"}
,"C:\\Users\\Lyla\\Desktop\\PROGRAMAÇÃO\\Boticário\\mimos_2.0\\backend\\database\\db.js": {"path":"C:\\Users\\Lyla\\Desktop\\PROGRAMAÇÃO\\Boticário\\mimos_2.0\\backend\\database\\db.js","statementMap":{"0":{"start":{"line":4,"column":0},"end":{"line":4,"column":16}},"1":{"start":{"line":6,"column":12},"end":{"line":6,"column":35}},"2":{"start":{"line":8,"column":20},"end":{"line":15,"column":1}},"3":{"start":{"line":9,"column":4},"end":{"line":14,"column":5}},"4":{"start":{"line":10,"column":8},"end":{"line":10,"column":36}},"5":{"start":{"line":11,"column":8},"end":{"line":11,"column":42}},"6":{"start":{"line":13,"column":8},"end":{"line":13,"column":68}}},"fnMap":{"0":{"name":"(anonymous_0)","decl":{"start":{"line":8,"column":20},"end":{"line":8,"column":21}},"loc":{"start":{"line":8,"column":30},"end":{"line":15,"column":1}},"line":8}},"branchMap":{},"s":{"0":4,"1":4,"2":4,"3":4,"4":4,"5":4,"6":0},"f":{"0":4},"b":{},"_coverageSchema":"1a1c01bbd47fc00a2c39e90264f33305004495a9","hash":"4d228eda9974d950aaba11dd64c6223d93453166"}
,"C:\\Users\\Lyla\\Desktop\\PROGRAMAÇÃO\\Boticário\\mimos_2.0\\backend\\middlewares\\auth.middleware.js": {"path":"C:\\Users\\Lyla\\Desktop\\PROGRAMAÇÃO\\Boticário\\mimos_2.0\\backend\\middlewares\\auth.middleware.js","statementMap":{"0":{"start":{"line":4,"column":0},"end":{"line":4,"column":16}},"1":{"start":{"line":6,"column":30},"end":{"line":39,"column":1}},"2":{"start":{"line":7,"column":4},"end":{"line":38,"column":5}},"3":{"start":{"line":8,"column":32},"end":{"line":8,"column":43}},"4":{"start":{"line":10,"column":8},"end":{"line":12,"column":9}},"5":{"start":{"line":11,"column":12},"end":{"line":11,"column":73}},"6":{"start":{"line":14,"column":23},"end":{"line":14,"column":47}},"7":{"start":{"line":15,"column":8},"end":{"line":17,"column":9}},"8":{"start":{"line":16,"column":12},"end":{"line":16,"column":98}},"9":{"start":{"line":19,"column":32},"end":{"line":19,"column":38}},"10":{"start":{"line":21,"column":8},"end":{"line":23,"column":9}},"11":{"start":{"line":22,"column":12},"end":{"line":22,"column":108}},"12":{"start":{"line":25,"column":24},"end":{"line":25,"column":42}},"13":{"start":{"line":27,"column":8},"end":{"line":33,"column":10}},"14":{"start":{"line":28,"column":12},"end":{"line":30,"column":13}},"15":{"start":{"line":29,"column":16},"end":{"line":29,"column":93}},"16":{"start":{"line":31,"column":12},"end":{"line":31,"column":41}},"17":{"start":{"line":32,"column":12},"end":{"line":32,"column":26}},"18":{"start":{"line":37,"column":8},"end":{"line":37,"column":43}}},"fnMap":{"0":{"name":"(anonymous_0)","decl":{"start":{"line":6,"column":30},"end":{"line":6,"column":31}},"loc":{"start":{"line":6,"column":49},"end":{"line":39,"column":1}},"line":6},"1":{"name":"(anonymous_1)","decl":{"start":{"line":27,"column":35},"end":{"line":27,"column":36}},"loc":{"start":{"line":27,"column":58},"end":{"line":33,"column":9}},"line":27}},"branchMap":{"0":{"loc":{"start":{"line":10,"column":8},"end":{"line":12,"column":9}},"type":"if","locations":[{"start":{"line":10,"column":8},"end":{"line":12,"column":9}},{"start":{},"end":{}}],"line":10},"1":{"loc":{"start":{"line":15,"column":8},"end":{"line":17,"column":9}},"type":"if","locations":[{"start":{"line":15,"column":8},"end":{"line":17,"column":9}},{"start":{},"end":{}}],"line":15},"2":{"loc":{"start":{"line":21,"column":8},"end":{"line":23,"column":9}},"type":"if","locations":[{"start":{"line":21,"column":8},"end":{"line":23,"column":9}},{"start":{},"end":{}}],"line":21},"3":{"loc":{"start":{"line":28,"column":12},"end":{"line":30,"column":13}},"type":"if","locations":[{"start":{"line":28,"column":12},"end":{"line":30,"column":13}},{"start":{},"end":{}}],"line":28}},"s":{"0":4,"1":4,"2":8,"3":8,"4":8,"5":1,"6":7,"7":7,"8":0,"9":7,"10":7,"11":0,"12":7,"13":7,"14":7,"15":0,"16":7,"17":7,"18":0},"f":{"0":8,"1":7},"b":{"0":[1,7],"1":[0,7],"2":[0,7],"3":[0,7]},"_coverageSchema":"1a1c01bbd47fc00a2c39e90264f33305004495a9","hash":"a1abaf9276fb86d44c4cd3799721b58dfd12c95d"}
,"C:\\Users\\Lyla\\Desktop\\PROGRAMAÇÃO\\Boticário\\mimos_2.0\\backend\\models\\Produto.js": {"path":"C:\\Users\\Lyla\\Desktop\\PROGRAMAÇÃO\\Boticário\\mimos_2.0\\backend\\models\\Produto.js","statementMap":{"0":{"start":{"line":3,"column":22},"end":{"line":24,"column":2}},"1":{"start":{"line":27,"column":16},"end":{"line":27,"column":57}}},"fnMap":{},"branchMap":{},"s":{"0":4,"1":4},"f":{},"b":{},"_coverageSchema":"1a1c01bbd47fc00a2c39e90264f33305004495a9","hash":"f83b9007d69232defca87e68c25fe39aa0012053"}
,"C:\\Users\\Lyla\\Desktop\\PROGRAMAÇÃO\\Boticário\\mimos_2.0\\backend\\models\\Sacola.js": {"path":"C:\\Users\\Lyla\\Desktop\\PROGRAMAÇÃO\\Boticário\\mimos_2.0\\backend\\models\\Sacola.js","statementMap":{"0":{"start":{"line":4,"column":25},"end":{"line":15,"column":15}}},"fnMap":{},"branchMap":{},"s":{"0":4},"f":{},"b":{},"_coverageSchema":"1a1c01bbd47fc00a2c39e90264f33305004495a9","hash":"2ab4fcece159183457ff4783bb41cbe901b1d132"}
,"C:\\Users\\Lyla\\Desktop\\PROGRAMAÇÃO\\Boticário\\mimos_2.0\\backend\\models\\Usuario.js": {"path":"C:\\Users\\Lyla\\Desktop\\PROGRAMAÇÃO\\Boticário\\mimos_2.0\\backend\\models\\Usuario.js","statementMap":{"0":{"start":{"line":5,"column":22},"end":{"line":37,"column":2}},"1":{"start":{"line":39,"column":16},"end":{"line":39,"column":57}}},"fnMap":{},"branchMap":{},"s":{"0":4,"1":4},"f":{},"b":{},"_coverageSchema":"1a1c01bbd47fc00a2c39e90264f33305004495a9","hash":"617dd3d8dfde0189c6c4e1cbe9b1949e8cfadd5a"}
,"C:\\Users\\Lyla\\Desktop\\PROGRAMAÇÃO\\Boticário\\mimos_2.0\\backend\\routes\\routes.js": {"path":"C:\\Users\\Lyla\\Desktop\\PROGRAMAÇÃO\\Boticário\\mimos_2.0\\backend\\routes\\routes.js","statementMap":{"0":{"start":{"line":8,"column":15},"end":{"line":8,"column":31}},"1":{"start":{"line":10,"column":0},"end":{"line":10,"column":58}},"2":{"start":{"line":11,"column":0},"end":{"line":11,"column":45}},"3":{"start":{"line":12,"column":0},"end":{"line":12,"column":51}},"4":{"start":{"line":13,"column":0},"end":{"line":13,"column":57}},"5":{"start":{"line":14,"column":0},"end":{"line":14,"column":69}},"6":{"start":{"line":15,"column":0},"end":{"line":15,"column":75}},"7":{"start":{"line":18,"column":0},"end":{"line":18,"column":69}},"8":{"start":{"line":19,"column":0},"end":{"line":19,"column":60}},"9":{"start":{"line":23,"column":0},"end":{"line":23,"column":83}},"10":{"start":{"line":24,"column":0},"end":{"line":24,"column":72}},"11":{"start":{"line":26,"column":0},"end":{"line":26,"column":77}},"12":{"start":{"line":28,"column":0},"end":{"line":28,"column":75}},"13":{"start":{"line":29,"column":0},"end":{"line":29,"column":69}},"14":{"start":{"line":30,"column":0},"end":{"line":30,"column":80}},"15":{"start":{"line":32,"column":0},"end":{"line":32,"column":82}},"16":{"start":{"line":33,"column":0},"end":{"line":33,"column":82}}},"fnMap":{},"branchMap":{},"s":{"0":4,"1":4,"2":4,"3":4,"4":4,"5":4,"6":4,"7":4,"8":4,"9":4,"10":4,"11":4,"12":4,"13":4,"14":4,"15":4,"16":4},"f":{},"b":{},"_coverageSchema":"1a1c01bbd47fc00a2c39e90264f33305004495a9","hash":"ed0772b0bcaa61048712d1fbc8bafa9d641fa870"}
}
