TN:
SF:index.js
FN:39,(anonymous_0)
FN:49,(anonymous_1)
FNF:2
FNH:0
FNDA:0,(anonymous_0)
FNDA:0,(anonymous_1)
DA:9,4
DA:10,4
DA:11,4
DA:20,4
DA:22,4
DA:23,4
DA:27,4
DA:29,4
DA:30,4
DA:32,4
DA:33,4
DA:35,4
DA:37,4
DA:39,4
DA:40,0
DA:48,4
DA:49,0
DA:50,0
LF:18
LH:15
BRDA:42,0,0,0
BRDA:42,0,1,0
BRDA:48,1,0,0
BRDA:48,1,1,4
BRF:4
BRH:1
end_of_record
TN:
SF:controllers\FavoritosController.js
FN:5,(anonymous_0)
FN:13,(anonymous_1)
FN:29,(anonymous_2)
FN:35,(anonymous_3)
FNF:4
FNH:0
FNDA:0,(anonymous_0)
FNDA:0,(anonymous_1)
FNDA:0,(anonymous_2)
FNDA:0,(anonymous_3)
DA:5,4
DA:6,0
DA:7,0
DA:9,0
DA:10,0
DA:12,0
DA:13,0
DA:15,0
DA:16,0
DA:17,0
DA:18,0
DA:20,0
DA:21,0
DA:22,0
DA:25,0
DA:29,4
DA:30,0
DA:31,0
DA:32,0
DA:33,0
DA:34,0
DA:36,0
DA:37,0
DA:40,0
DA:41,0
DA:42,0
DA:46,0
DA:50,4
LF:28
LH:3
BRDA:15,0,0,0
BRDA:15,0,1,0
BRF:2
BRH:0
end_of_record
TN:
SF:controllers\PagesController.js
FN:12,getHomePage
FN:16,getLoginPage
FN:20,getCadastroPage
FN:24,getSacolaPage
FN:27,getFavoritosPage
FNF:5
FNH:0
FNDA:0,getHomePage
FNDA:0,getLoginPage
FNDA:0,getCadastroPage
FNDA:0,getSacolaPage
FNDA:0,getFavoritosPage
DA:7,4
DA:8,4
DA:10,4
DA:13,0
DA:17,0
DA:21,0
DA:25,0
DA:28,0
DA:32,4
LF:9
LH:4
BRF:0
BRH:0
end_of_record
TN:
SF:controllers\ProdutoController.js
FN:14,(anonymous_0)
FN:23,(anonymous_1)
FN:42,(anonymous_2)
FNF:3
FNH:3
FNDA:1,(anonymous_0)
FNDA:8,(anonymous_1)
FNDA:3,(anonymous_2)
DA:4,4
DA:14,4
DA:15,1
DA:16,1
DA:17,1
DA:19,0
DA:23,4
DA:24,8
DA:25,8
DA:26,8
DA:27,1
DA:30,7
DA:31,7
DA:32,7
DA:33,1
DA:36,6
DA:38,0
DA:42,4
DA:43,3
DA:45,3
DA:46,1
DA:49,2
DA:50,2
DA:52,2
DA:53,1
DA:55,1
DA:57,0
DA:61,4
LF:28
LH:25
BRDA:26,0,0,1
BRDA:26,0,1,7
BRDA:32,1,0,1
BRDA:32,1,1,6
BRDA:45,2,0,1
BRDA:45,2,1,2
BRDA:52,3,0,1
BRDA:52,3,1,1
BRF:8
BRH:8
end_of_record
TN:
SF:controllers\SacolaController.js
FN:4,(anonymous_0)
FN:19,(anonymous_1)
FN:38,(anonymous_2)
FN:63,(anonymous_3)
FN:76,(anonymous_4)
FN:85,(anonymous_5)
FN:95,(anonymous_6)
FN:107,(anonymous_7)
FNF:8
FNH:5
FNDA:2,(anonymous_0)
FNDA:0,(anonymous_1)
FNDA:1,(anonymous_2)
FNDA:2,(anonymous_3)
FNDA:1,(anonymous_4)
FNDA:1,(anonymous_5)
FNDA:0,(anonymous_6)
FNDA:0,(anonymous_7)
DA:4,4
DA:5,2
DA:6,2
DA:7,2
DA:8,2
DA:9,2
DA:11,2
DA:12,1
DA:15,1
DA:16,0
DA:19,1
DA:20,0
DA:21,0
DA:24,1
DA:25,0
DA:26,0
DA:28,1
DA:29,1
DA:32,1
DA:34,0
DA:38,4
DA:39,1
DA:40,1
DA:43,1
DA:48,1
DA:49,0
DA:52,1
DA:59,0
DA:63,4
DA:64,2
DA:65,2
DA:67,2
DA:68,2
DA:73,2
DA:75,2
DA:76,1
DA:79,1
DA:84,1
DA:85,1
DA:87,1
DA:88,1
DA:89,1
DA:91,0
DA:95,4
DA:96,0
DA:97,0
DA:99,0
DA:101,0
DA:102,0
DA:107,0
DA:108,0
DA:109,0
DA:112,0
DA:113,0
DA:115,0
DA:116,0
DA:117,0
DA:125,0
DA:129,4
LF:59
LH:36
BRDA:11,0,0,1
BRDA:11,0,1,1
BRDA:15,1,0,0
BRDA:15,1,1,1
BRDA:24,2,0,0
BRDA:24,2,1,1
BRDA:48,3,0,0
BRDA:48,3,1,1
BRDA:75,4,0,1
BRDA:75,4,1,1
BRDA:112,5,0,0
BRDA:112,5,1,0
BRF:12
BRH:7
end_of_record
TN:
SF:controllers\UsuarioController.js
FN:5,(anonymous_0)
FN:32,(anonymous_1)
FN:96,(anonymous_2)
FNF:3
FNH:3
FNDA:3,(anonymous_0)
FNDA:4,(anonymous_1)
FNDA:2,(anonymous_2)
DA:5,4
DA:6,3
DA:7,3
DA:8,3
DA:9,3
DA:11,3
DA:12,3
DA:13,1
DA:16,2
DA:17,2
DA:18,2
DA:25,2
DA:27,0
DA:28,0
DA:32,4
DA:33,4
DA:34,4
DA:36,4
DA:37,1
DA:40,3
DA:41,3
DA:42,3
DA:43,1
DA:46,2
DA:47,2
DA:48,2
DA:55,2
DA:57,2
DA:61,0
DA:62,0
DA:96,4
DA:97,2
DA:98,2
DA:99,2
DA:100,2
DA:102,0
DA:106,4
LF:37
LH:32
BRDA:12,0,0,1
BRDA:12,0,1,2
BRDA:36,1,0,1
BRDA:36,1,1,3
BRDA:42,2,0,1
BRDA:42,2,1,2
BRF:6
BRH:6
end_of_record
TN:
SF:database\db.js
FN:8,(anonymous_0)
FNF:1
FNH:1
FNDA:4,(anonymous_0)
DA:4,4
DA:6,4
DA:8,4
DA:9,4
DA:10,4
DA:11,4
DA:13,0
LF:7
LH:6
BRF:0
BRH:0
end_of_record
TN:
SF:middlewares\auth.middleware.js
FN:6,(anonymous_0)
FN:27,(anonymous_1)
FNF:2
FNH:2
FNDA:8,(anonymous_0)
FNDA:7,(anonymous_1)
DA:4,4
DA:6,4
DA:7,8
DA:8,8
DA:10,8
DA:11,1
DA:14,7
DA:15,7
DA:16,0
DA:19,7
DA:21,7
DA:22,0
DA:25,7
DA:27,7
DA:28,7
DA:29,0
DA:31,7
DA:32,7
DA:37,0
LF:19
LH:15
BRDA:10,0,0,1
BRDA:10,0,1,7
BRDA:15,1,0,0
BRDA:15,1,1,7
BRDA:21,2,0,0
BRDA:21,2,1,7
BRDA:28,3,0,0
BRDA:28,3,1,7
BRF:8
BRH:5
end_of_record
TN:
SF:models\Produto.js
FNF:0
FNH:0
DA:3,4
DA:27,4
LF:2
LH:2
BRF:0
BRH:0
end_of_record
TN:
SF:models\Sacola.js
FNF:0
FNH:0
DA:4,4
LF:1
LH:1
BRF:0
BRH:0
end_of_record
TN:
SF:models\Usuario.js
FNF:0
FNH:0
DA:5,4
DA:39,4
LF:2
LH:2
BRF:0
BRH:0
end_of_record
TN:
SF:routes\routes.js
FNF:0
FNH:0
DA:8,4
DA:10,4
DA:11,4
DA:12,4
DA:13,4
DA:14,4
DA:15,4
DA:18,4
DA:19,4
DA:23,4
DA:24,4
DA:26,4
DA:28,4
DA:29,4
DA:30,4
DA:32,4
DA:33,4
LF:17
LH:17
BRF:0
BRH:0
end_of_record
